# JRE version: OpenJDK Runtime Environment (8.0_151-b12) (build 1.8.0_151-8u151-b12-0ubuntu0.16.04.2-b12)
# Java VM: OpenJDK 64-Bit Server VM (25.151-b12 mixed mode linux-amd64 compressed oops)
Heap:
 PSYoungGen      total 131584K, used 11763K [0x00000000ecd80000, 0x00000000f5b80000, 0x0000000100000000)
  eden space 119808K, 0% used [0x00000000ecd80000,0x00000000ecd80000,0x00000000f4280000)
  from space 11776K, 99% used [0x00000000f4280000,0x00000000f4dfcd20,0x00000000f4e00000)
  to   space 9728K, 0% used [0x00000000f4e00000,0x00000000f4e00000,0x00000000f5780000)
 ParOldGen       total 45056K, used 21700K [0x00000000c6800000, 0x00000000c9400000, 0x00000000ecd80000)
  object space 45056K, 48% used [0x00000000c6800000,0x00000000c7d311c0,0x00000000c9400000)
 Metaspace       used 24138K, capacity 24824K, committed 24960K, reserved 1071104K
  class space    used 2789K, capacity 2938K, committed 2944K, reserved 1048576K
GC Heap History (10 events):
Event: 3.063 GC heap after
Heap after GC invocations=5 (full 0):
 PSYoungGen      total 32768K, used 2016K [0x00000000ecd80000, 0x00000000f1780000, 0x0000000100000000)
  eden space 30720K, 0% used [0x00000000ecd80000,0x00000000ecd80000,0x00000000eeb80000)
  from space 2048K, 98% used [0x00000000eeb80000,0x00000000eed78020,0x00000000eed80000)
  to   space 7168K, 0% used [0x00000000f1080000,0x00000000f1080000,0x00000000f1780000)
 ParOldGen       total 39936K, used 11370K [0x00000000c6800000, 0x00000000c8f00000, 0x00000000ecd80000)
  object space 39936K, 28% used [0x00000000c6800000,0x00000000c731abb0,0x00000000c8f00000)
 Metaspace       used 14549K, capacity 14774K, committed 14976K, reserved 1062912K
  class space    used 1750K, capacity 1841K, committed 1920K, reserved 1048576K
}
Event: 3.907 GC heap before
{Heap before GC invocations=6 (full 0):
 PSYoungGen      total 32768K, used 32736K [0x00000000ecd80000, 0x00000000f1780000, 0x0000000100000000)
  eden space 30720K, 100% used [0x00000000ecd80000,0x00000000eeb80000,0x00000000eeb80000)
  from space 2048K, 98% used [0x00000000eeb80000,0x00000000eed78020,0x00000000eed80000)
  to   space 7168K, 0% used [0x00000000f1080000,0x00000000f1080000,0x00000000f1780000)
 ParOldGen       total 39936K, used 11370K [0x00000000c6800000, 0x00000000c8f00000, 0x00000000ecd80000)
  object space 39936K, 28% used [0x00000000c6800000,0x00000000c731abb0,0x00000000c8f00000)
 Metaspace       used 15082K, capacity 15266K, committed 15488K, reserved 1062912K
  class space    used 1786K, capacity 1875K, committed 1920K, reserved 1048576K
Event: 3.925 GC heap after
Heap after GC invocations=6 (full 0):
 PSYoungGen      total 68096K, used 5615K [0x00000000ecd80000, 0x00000000f1880000, 0x0000000100000000)
  eden space 60928K, 0% used [0x00000000ecd80000,0x00000000ecd80000,0x00000000f0900000)
  from space 7168K, 78% used [0x00000000f1080000,0x00000000f15fbca0,0x00000000f1780000)
  to   space 7680K, 0% used [0x00000000f0900000,0x00000000f0900000,0x00000000f1080000)
 ParOldGen       total 39936K, used 11378K [0x00000000c6800000, 0x00000000c8f00000, 0x00000000ecd80000)
  object space 39936K, 28% used [0x00000000c6800000,0x00000000c731cbb0,0x00000000c8f00000)
 Metaspace       used 15082K, capacity 15266K, committed 15488K, reserved 1062912K
  class space    used 1786K, capacity 1875K, committed 1920K, reserved 1048576K
}
Event: 5.963 GC heap before
{Heap before GC invocations=7 (full 0):
 PSYoungGen      total 68096K, used 66543K [0x00000000ecd80000, 0x00000000f1880000, 0x0000000100000000)
  eden space 60928K, 100% used [0x00000000ecd80000,0x00000000f0900000,0x00000000f0900000)
  from space 7168K, 78% used [0x00000000f1080000,0x00000000f15fbca0,0x00000000f1780000)
  to   space 7680K, 0% used [0x00000000f0900000,0x00000000f0900000,0x00000000f1080000)
 ParOldGen       total 39936K, used 11378K [0x00000000c6800000, 0x00000000c8f00000, 0x00000000ecd80000)
  object space 39936K, 28% used [0x00000000c6800000,0x00000000c731cbb0,0x00000000c8f00000)
 Metaspace       used 16403K, capacity 16810K, committed 16896K, reserved 1064960K
  class space    used 1903K, capacity 2023K, committed 2048K, reserved 1048576K
Event: 5.987 GC heap after
Heap after GC invocations=7 (full 0):
 PSYoungGen      total 68608K, used 7664K [0x00000000ecd80000, 0x00000000f5780000, 0x0000000100000000)
  eden space 60928K, 0% used [0x00000000ecd80000,0x00000000ecd80000,0x00000000f0900000)
  from space 7680K, 99% used [0x00000000f0900000,0x00000000f107c010,0x00000000f1080000)
  to   space 9728K, 0% used [0x00000000f4e00000,0x00000000f4e00000,0x00000000f5780000)
 ParOldGen       total 39936K, used 12935K [0x00000000c6800000, 0x00000000c8f00000, 0x00000000ecd80000)
  object space 39936K, 32% used [0x00000000c6800000,0x00000000c74a1d38,0x00000000c8f00000)
 Metaspace       used 16403K, capacity 16810K, committed 16896K, reserved 1064960K
  class space    used 1903K, capacity 2023K, committed 2048K, reserved 1048576K
}
Event: 8.244 GC heap before
{Heap before GC invocations=8 (full 0):
 PSYoungGen      total 68608K, used 67212K [0x00000000ecd80000, 0x00000000f5780000, 0x0000000100000000)
  eden space 60928K, 97% used [0x00000000ecd80000,0x00000000f07a7310,0x00000000f0900000)
  from space 7680K, 99% used [0x00000000f0900000,0x00000000f107c010,0x00000000f1080000)
  to   space 9728K, 0% used [0x00000000f4e00000,0x00000000f4e00000,0x00000000f5780000)
 ParOldGen       total 39936K, used 12935K [0x00000000c6800000, 0x00000000c8f00000, 0x00000000ecd80000)
  object space 39936K, 32% used [0x00000000c6800000,0x00000000c74a1d38,0x00000000c8f00000)
 Metaspace       used 20794K, capacity 21204K, committed 21248K, reserved 1069056K
  class space    used 2448K, capacity 2552K, committed 2560K, reserved 1048576K
Event: 8.273 GC heap after
Heap after GC invocations=8 (full 0):
 PSYoungGen      total 129536K, used 9712K [0x00000000ecd80000, 0x00000000f5b80000, 0x0000000100000000)
  eden space 119808K, 0% used [0x00000000ecd80000,0x00000000ecd80000,0x00000000f4280000)
  from space 9728K, 99% used [0x00000000f4e00000,0x00000000f577c030,0x00000000f5780000)
  to   space 11776K, 0% used [0x00000000f4280000,0x00000000f4280000,0x00000000f4e00000)
 ParOldGen       total 39936K, used 14859K [0x00000000c6800000, 0x00000000c8f00000, 0x00000000ecd80000)
  object space 39936K, 37% used [0x00000000c6800000,0x00000000c7682e50,0x00000000c8f00000)
 Metaspace       used 20794K, capacity 21204K, committed 21248K, reserved 1069056K
  class space    used 2448K, capacity 2552K, committed 2560K, reserved 1048576K
}
Event: 8.273 GC heap before
{Heap before GC invocations=9 (full 1):
 PSYoungGen      total 129536K, used 9712K [0x00000000ecd80000, 0x00000000f5b80000, 0x0000000100000000)
  eden space 119808K, 0% used [0x00000000ecd80000,0x00000000ecd80000,0x00000000f4280000)
  from space 9728K, 99% used [0x00000000f4e00000,0x00000000f577c030,0x00000000f5780000)
  to   space 11776K, 0% used [0x00000000f4280000,0x00000000f4280000,0x00000000f4e00000)
 ParOldGen       total 39936K, used 14859K [0x00000000c6800000, 0x00000000c8f00000, 0x00000000ecd80000)
  object space 39936K, 37% used [0x00000000c6800000,0x00000000c7682e50,0x00000000c8f00000)
 Metaspace       used 20794K, capacity 21204K, committed 21248K, reserved 1069056K
  class space    used 2448K, capacity 2552K, committed 2560K, reserved 1048576K
Event: 8.403 GC heap after
Heap after GC invocations=9 (full 1):
 PSYoungGen      total 129536K, used 0K [0x00000000ecd80000, 0x00000000f5b80000, 0x0000000100000000)
  eden space 119808K, 0% used [0x00000000ecd80000,0x00000000ecd80000,0x00000000f4280000)
  from space 9728K, 0% used [0x00000000f4e00000,0x00000000f4e00000,0x00000000f5780000)
  to   space 11776K, 0% used [0x00000000f4280000,0x00000000f4280000,0x00000000f4e00000)
 ParOldGen       total 45056K, used 17173K [0x00000000c6800000, 0x00000000c9400000, 0x00000000ecd80000)
  object space 45056K, 38% used [0x00000000c6800000,0x00000000c78c5440,0x00000000c9400000)
 Metaspace       used 20794K, capacity 21204K, committed 21248K, reserved 1069056K
  class space    used 2448K, capacity 2552K, committed 2560K, reserved 1048576K
}
Event: 88.520 GC heap before
{Heap before GC invocations=10 (full 1):
 PSYoungGen      total 129536K, used 119808K [0x00000000ecd80000, 0x00000000f5b80000, 0x0000000100000000)
  eden space 119808K, 100% used [0x00000000ecd80000,0x00000000f4280000,0x00000000f4280000)
  from space 9728K, 0% used [0x00000000f4e00000,0x00000000f4e00000,0x00000000f5780000)
  to   space 11776K, 0% used [0x00000000f4280000,0x00000000f4280000,0x00000000f4e00000)
 ParOldGen       total 45056K, used 17173K [0x00000000c6800000, 0x00000000c9400000, 0x00000000ecd80000)
  object space 45056K, 38% used [0x00000000c6800000,0x00000000c78c5440,0x00000000c9400000)
 Metaspace       used 24138K, capacity 24824K, committed 24960K, reserved 1071104K
  class space    used 2789K, capacity 2938K, committed 2944K, reserved 1048576K

