# JRE version: OpenJDK Runtime Environment (8.0_151-b12) (build 1.8.0_151-8u151-b12-0ubuntu0.16.04.2-b12)
# Java VM: OpenJDK 64-Bit Server VM (25.151-b12 mixed mode linux-amd64 compressed oops)
Heap:
 PSYoungGen      total 63488K, used 2016K [0x00000000ecd80000, 0x00000000f0d80000, 0x0000000100000000)
  eden space 61440K, 0% used [0x00000000ecd80000,0x00000000ecd80000,0x00000000f0980000)
  from space 2048K, 98% used [0x00000000f0980000,0x00000000f0b78020,0x00000000f0b80000)
  to   space 2048K, 0% used [0x00000000f0b80000,0x00000000f0b80000,0x00000000f0d80000)
 ParOldGen       total 39936K, used 16758K [0x00000000c6800000, 0x00000000c8f00000, 0x00000000ecd80000)
  object space 39936K, 41% used [0x00000000c6800000,0x00000000c785d870,0x00000000c8f00000)
 Metaspace       used 16039K, capacity 16384K, committed 16640K, reserved 1064960K
  class space    used 1883K, capacity 2012K, committed 2048K, reserved 1048576K
GC Heap History (9 events):
Event: 1.412 GC heap before
{Heap before GC invocations=1 (full 0):
 PSYoungGen      total 17408K, used 15360K [0x00000000ecd80000, 0x00000000ee080000, 0x0000000100000000)
  eden space 15360K, 100% used [0x00000000ecd80000,0x00000000edc80000,0x00000000edc80000)
  from space 2048K, 0% used [0x00000000ede80000,0x00000000ede80000,0x00000000ee080000)
  to   space 2048K, 0% used [0x00000000edc80000,0x00000000edc80000,0x00000000ede80000)
 ParOldGen       total 39936K, used 0K [0x00000000c6800000, 0x00000000c8f00000, 0x00000000ecd80000)
  object space 39936K, 0% used [0x00000000c6800000,0x00000000c6800000,0x00000000c8f00000)
 Metaspace       used 6600K, capacity 6748K, committed 7040K, reserved 1056768K
  class space    used 743K, capacity 824K, committed 896K, reserved 1048576K
Event: 1.486 GC heap after
Heap after GC invocations=1 (full 0):
 PSYoungGen      total 17408K, used 2035K [0x00000000ecd80000, 0x00000000eef80000, 0x0000000100000000)
  eden space 15360K, 0% used [0x00000000ecd80000,0x00000000ecd80000,0x00000000edc80000)
  from space 2048K, 99% used [0x00000000edc80000,0x00000000ede7cfe8,0x00000000ede80000)
  to   space 2048K, 0% used [0x00000000eed80000,0x00000000eed80000,0x00000000eef80000)
 ParOldGen       total 39936K, used 1221K [0x00000000c6800000, 0x00000000c8f00000, 0x00000000ecd80000)
  object space 39936K, 3% used [0x00000000c6800000,0x00000000c6931480,0x00000000c8f00000)
 Metaspace       used 6600K, capacity 6748K, committed 7040K, reserved 1056768K
  class space    used 743K, capacity 824K, committed 896K, reserved 1048576K
}
Event: 1.781 GC heap before
{Heap before GC invocations=2 (full 0):
 PSYoungGen      total 17408K, used 17395K [0x00000000ecd80000, 0x00000000eef80000, 0x0000000100000000)
  eden space 15360K, 100% used [0x00000000ecd80000,0x00000000edc80000,0x00000000edc80000)
  from space 2048K, 99% used [0x00000000edc80000,0x00000000ede7cfe8,0x00000000ede80000)
  to   space 2048K, 0% used [0x00000000eed80000,0x00000000eed80000,0x00000000eef80000)
 ParOldGen       total 39936K, used 1221K [0x00000000c6800000, 0x00000000c8f00000, 0x00000000ecd80000)
  object space 39936K, 3% used [0x00000000c6800000,0x00000000c6931480,0x00000000c8f00000)
 Metaspace       used 7927K, capacity 8092K, committed 8192K, reserved 1056768K
  class space    used 953K, capacity 1016K, committed 1024K, reserved 1048576K
Event: 1.794 GC heap after
Heap after GC invocations=2 (full 0):
 PSYoungGen      total 32768K, used 2022K [0x00000000ecd80000, 0x00000000eef80000, 0x0000000100000000)
  eden space 30720K, 0% used [0x00000000ecd80000,0x00000000ecd80000,0x00000000eeb80000)
  from space 2048K, 98% used [0x00000000eed80000,0x00000000eef79930,0x00000000eef80000)
  to   space 2048K, 0% used [0x00000000eeb80000,0x00000000eeb80000,0x00000000eed80000)
 ParOldGen       total 39936K, used 2037K [0x00000000c6800000, 0x00000000c8f00000, 0x00000000ecd80000)
  object space 39936K, 5% used [0x00000000c6800000,0x00000000c69fd430,0x00000000c8f00000)
 Metaspace       used 7927K, capacity 8092K, committed 8192K, reserved 1056768K
  class space    used 953K, capacity 1016K, committed 1024K, reserved 1048576K
}
Event: 2.252 GC heap before
{Heap before GC invocations=3 (full 0):
 PSYoungGen      total 32768K, used 32742K [0x00000000ecd80000, 0x00000000eef80000, 0x0000000100000000)
  eden space 30720K, 100% used [0x00000000ecd80000,0x00000000eeb80000,0x00000000eeb80000)
  from space 2048K, 98% used [0x00000000eed80000,0x00000000eef79930,0x00000000eef80000)
  to   space 2048K, 0% used [0x00000000eeb80000,0x00000000eeb80000,0x00000000eed80000)
 ParOldGen       total 39936K, used 2037K [0x00000000c6800000, 0x00000000c8f00000, 0x00000000ecd80000)
  object space 39936K, 5% used [0x00000000c6800000,0x00000000c69fd430,0x00000000c8f00000)
 Metaspace       used 11127K, capacity 11298K, committed 11520K, reserved 1058816K
  class space    used 1346K, capacity 1443K, committed 1536K, reserved 1048576K
Event: 2.259 GC heap after
Heap after GC invocations=3 (full 0):
 PSYoungGen      total 32768K, used 2032K [0x00000000ecd80000, 0x00000000f0d80000, 0x0000000100000000)
  eden space 30720K, 0% used [0x00000000ecd80000,0x00000000ecd80000,0x00000000eeb80000)
  from space 2048K, 99% used [0x00000000eeb80000,0x00000000eed7c010,0x00000000eed80000)
  to   space 2048K, 0% used [0x00000000f0b80000,0x00000000f0b80000,0x00000000f0d80000)
 ParOldGen       total 39936K, used 6121K [0x00000000c6800000, 0x00000000c8f00000, 0x00000000ecd80000)
  object space 39936K, 15% used [0x00000000c6800000,0x00000000c6dfa5d0,0x00000000c8f00000)
 Metaspace       used 11127K, capacity 11298K, committed 11520K, reserved 1058816K
  class space    used 1346K, capacity 1443K, committed 1536K, reserved 1048576K
}
Event: 3.560 GC heap before
{Heap before GC invocations=4 (full 0):
 PSYoungGen      total 32768K, used 32752K [0x00000000ecd80000, 0x00000000f0d80000, 0x0000000100000000)
  eden space 30720K, 100% used [0x00000000ecd80000,0x00000000eeb80000,0x00000000eeb80000)
  from space 2048K, 99% used [0x00000000eeb80000,0x00000000eed7c010,0x00000000eed80000)
  to   space 2048K, 0% used [0x00000000f0b80000,0x00000000f0b80000,0x00000000f0d80000)
 ParOldGen       total 39936K, used 6121K [0x00000000c6800000, 0x00000000c8f00000, 0x00000000ecd80000)
  object space 39936K, 15% used [0x00000000c6800000,0x00000000c6dfa5d0,0x00000000c8f00000)
 Metaspace       used 14573K, capacity 14774K, committed 14976K, reserved 1062912K
  class space    used 1750K, capacity 1841K, committed 1920K, reserved 1048576K
Event: 3.568 GC heap after
Heap after GC invocations=4 (full 0):
 PSYoungGen      total 63488K, used 2016K [0x00000000ecd80000, 0x00000000f0d80000, 0x0000000100000000)
  eden space 61440K, 0% used [0x00000000ecd80000,0x00000000ecd80000,0x00000000f0980000)
  from space 2048K, 98% used [0x00000000f0b80000,0x00000000f0d78040,0x00000000f0d80000)
  to   space 2048K, 0% used [0x00000000f0980000,0x00000000f0980000,0x00000000f0b80000)
 ParOldGen       total 39936K, used 11242K [0x00000000c6800000, 0x00000000c8f00000, 0x00000000ecd80000)
  object space 39936K, 28% used [0x00000000c6800000,0x00000000c72faad8,0x00000000c8f00000)
 Metaspace       used 14573K, capacity 14774K, committed 14976K, reserved 1062912K
  class space    used 1750K, capacity 1841K, committed 1920K, reserved 1048576K
}
Event: 6.121 GC heap before
{Heap before GC invocations=5 (full 0):
 PSYoungGen      total 63488K, used 63456K [0x00000000ecd80000, 0x00000000f0d80000, 0x0000000100000000)
  eden space 61440K, 100% used [0x00000000ecd80000,0x00000000f0980000,0x00000000f0980000)
  from space 2048K, 98% used [0x00000000f0b80000,0x00000000f0d78040,0x00000000f0d80000)
  to   space 2048K, 0% used [0x00000000f0980000,0x00000000f0980000,0x00000000f0b80000)
 ParOldGen       total 39936K, used 11242K [0x00000000c6800000, 0x00000000c8f00000, 0x00000000ecd80000)
  object space 39936K, 28% used [0x00000000c6800000,0x00000000c72faad8,0x00000000c8f00000)
 Metaspace       used 16039K, capacity 16384K, committed 16640K, reserved 1064960K
  class space    used 1883K, capacity 2012K, committed 2048K, reserved 1048576K

