# JRE version: OpenJDK Runtime Environment (8.0_151-b12) (build 1.8.0_151-8u151-b12-0ubuntu0.16.04.2-b12)
# Java VM: OpenJDK 64-Bit Server VM (25.151-b12 mixed mode linux-amd64 compressed oops)
Heap:
 PSYoungGen      total 67584K, used 8183K [0x00000000ecd80000, 0x00000000f1880000, 0x0000000100000000)
  eden space 59392K, 0% used [0x00000000ecd80000,0x00000000ecd80000,0x00000000f0780000)
  from space 8192K, 99% used [0x00000000f0780000,0x00000000f0f7dd90,0x00000000f0f80000)
  to   space 7168K, 0% used [0x00000000f0f80000,0x00000000f0f80000,0x00000000f1680000)
 ParOldGen       total 39936K, used 17286K [0x00000000c6800000, 0x00000000c8f00000, 0x00000000ecd80000)
  object space 39936K, 43% used [0x00000000c6800000,0x00000000c78e1ac0,0x00000000c8f00000)
 Metaspace       used 20719K, capacity 21092K, committed 21296K, reserved 1069056K
  class space    used 2451K, capacity 2604K, committed 2688K, reserved 1048576K
GC Heap History (10 events):
Event: 2.923 GC heap after
Heap after GC invocations=4 (full 0):
 PSYoungGen      total 17408K, used 2016K [0x00000000ecd80000, 0x00000000ee080000, 0x0000000100000000)
  eden space 15360K, 0% used [0x00000000ecd80000,0x00000000ecd80000,0x00000000edc80000)
  from space 2048K, 98% used [0x00000000ede80000,0x00000000ee078020,0x00000000ee080000)
  to   space 2048K, 0% used [0x00000000edc80000,0x00000000edc80000,0x00000000ede80000)
 ParOldGen       total 39936K, used 6138K [0x00000000c6800000, 0x00000000c8f00000, 0x00000000ecd80000)
  object space 39936K, 15% used [0x00000000c6800000,0x00000000c6dfe908,0x00000000c8f00000)
 Metaspace       used 11171K, capacity 11362K, committed 11520K, reserved 1058816K
  class space    used 1352K, capacity 1443K, committed 1536K, reserved 1048576K
}
Event: 3.489 GC heap before
{Heap before GC invocations=5 (full 0):
 PSYoungGen      total 17408K, used 17376K [0x00000000ecd80000, 0x00000000ee080000, 0x0000000100000000)
  eden space 15360K, 100% used [0x00000000ecd80000,0x00000000edc80000,0x00000000edc80000)
  from space 2048K, 98% used [0x00000000ede80000,0x00000000ee078020,0x00000000ee080000)
  to   space 2048K, 0% used [0x00000000edc80000,0x00000000edc80000,0x00000000ede80000)
 ParOldGen       total 39936K, used 6138K [0x00000000c6800000, 0x00000000c8f00000, 0x00000000ecd80000)
  object space 39936K, 15% used [0x00000000c6800000,0x00000000c6dfe908,0x00000000c8f00000)
 Metaspace       used 13118K, capacity 13258K, committed 13568K, reserved 1060864K
  class space    used 1606K, capacity 1679K, committed 1792K, reserved 1048576K
Event: 3.499 GC heap after
Heap after GC invocations=5 (full 0):
 PSYoungGen      total 17408K, used 2032K [0x00000000ecd80000, 0x00000000ef580000, 0x0000000100000000)
  eden space 15360K, 0% used [0x00000000ecd80000,0x00000000ecd80000,0x00000000edc80000)
  from space 2048K, 99% used [0x00000000edc80000,0x00000000ede7c030,0x00000000ede80000)
  to   space 5120K, 0% used [0x00000000ef080000,0x00000000ef080000,0x00000000ef580000)
 ParOldGen       total 39936K, used 8516K [0x00000000c6800000, 0x00000000c8f00000, 0x00000000ecd80000)
  object space 39936K, 21% used [0x00000000c6800000,0x00000000c70512f8,0x00000000c8f00000)
 Metaspace       used 13118K, capacity 13258K, committed 13568K, reserved 1060864K
  class space    used 1606K, capacity 1679K, committed 1792K, reserved 1048576K
}
Event: 4.406 GC heap before
{Heap before GC invocations=6 (full 0):
 PSYoungGen      total 17408K, used 17392K [0x00000000ecd80000, 0x00000000ef580000, 0x0000000100000000)
  eden space 15360K, 100% used [0x00000000ecd80000,0x00000000edc80000,0x00000000edc80000)
  from space 2048K, 99% used [0x00000000edc80000,0x00000000ede7c030,0x00000000ede80000)
  to   space 5120K, 0% used [0x00000000ef080000,0x00000000ef080000,0x00000000ef580000)
 ParOldGen       total 39936K, used 8516K [0x00000000c6800000, 0x00000000c8f00000, 0x00000000ecd80000)
  object space 39936K, 21% used [0x00000000c6800000,0x00000000c70512f8,0x00000000c8f00000)
 Metaspace       used 14573K, capacity 14774K, committed 14976K, reserved 1062912K
  class space    used 1750K, capacity 1841K, committed 1920K, reserved 1048576K
Event: 4.419 GC heap after
Heap after GC invocations=6 (full 0):
 PSYoungGen      total 35328K, used 4963K [0x00000000ecd80000, 0x00000000ef680000, 0x0000000100000000)
  eden space 30208K, 0% used [0x00000000ecd80000,0x00000000ecd80000,0x00000000eeb00000)
  from space 5120K, 96% used [0x00000000ef080000,0x00000000ef558f20,0x00000000ef580000)
  to   space 5632K, 0% used [0x00000000eeb00000,0x00000000eeb00000,0x00000000ef080000)
 ParOldGen       total 39936K, used 8524K [0x00000000c6800000, 0x00000000c8f00000, 0x00000000ecd80000)
  object space 39936K, 21% used [0x00000000c6800000,0x00000000c70532f8,0x00000000c8f00000)
 Metaspace       used 14573K, capacity 14774K, committed 14976K, reserved 1062912K
  class space    used 1750K, capacity 1841K, committed 1920K, reserved 1048576K
}
Event: 15.356 GC heap before
{Heap before GC invocations=7 (full 0):
 PSYoungGen      total 35328K, used 35171K [0x00000000ecd80000, 0x00000000ef680000, 0x0000000100000000)
  eden space 30208K, 100% used [0x00000000ecd80000,0x00000000eeb00000,0x00000000eeb00000)
  from space 5120K, 96% used [0x00000000ef080000,0x00000000ef558f20,0x00000000ef580000)
  to   space 5632K, 0% used [0x00000000eeb00000,0x00000000eeb00000,0x00000000ef080000)
 ParOldGen       total 39936K, used 8524K [0x00000000c6800000, 0x00000000c8f00000, 0x00000000ecd80000)
  object space 39936K, 21% used [0x00000000c6800000,0x00000000c70532f8,0x00000000c8f00000)
 Metaspace       used 15100K, capacity 15266K, committed 15488K, reserved 1062912K
  class space    used 1788K, capacity 1875K, committed 1920K, reserved 1048576K
Event: 16.943 GC heap after
Heap after GC invocations=7 (full 0):
 PSYoungGen      total 35840K, used 5632K [0x00000000ecd80000, 0x00000000f1680000, 0x0000000100000000)
  eden space 30208K, 0% used [0x00000000ecd80000,0x00000000ecd80000,0x00000000eeb00000)
  from space 5632K, 100% used [0x00000000eeb00000,0x00000000ef080000,0x00000000ef080000)
  to   space 7168K, 0% used [0x00000000f0f80000,0x00000000f0f80000,0x00000000f1680000)
 ParOldGen       total 39936K, used 9932K [0x00000000c6800000, 0x00000000c8f00000, 0x00000000ecd80000)
  object space 39936K, 24% used [0x00000000c6800000,0x00000000c71b32e0,0x00000000c8f00000)
 Metaspace       used 15100K, capacity 15266K, committed 15488K, reserved 1062912K
  class space    used 1788K, capacity 1875K, committed 1920K, reserved 1048576K
}
Event: 164.380 GC heap before
{Heap before GC invocations=8 (full 0):
 PSYoungGen      total 35840K, used 35840K [0x00000000ecd80000, 0x00000000f1680000, 0x0000000100000000)
  eden space 30208K, 100% used [0x00000000ecd80000,0x00000000eeb00000,0x00000000eeb00000)
  from space 5632K, 100% used [0x00000000eeb00000,0x00000000ef080000,0x00000000ef080000)
  to   space 7168K, 0% used [0x00000000f0f80000,0x00000000f0f80000,0x00000000f1680000)
 ParOldGen       total 39936K, used 9932K [0x00000000c6800000, 0x00000000c8f00000, 0x00000000ecd80000)
  object space 39936K, 24% used [0x00000000c6800000,0x00000000c71b32e0,0x00000000c8f00000)
 Metaspace       used 16049K, capacity 16384K, committed 16640K, reserved 1064960K
  class space    used 1883K, capacity 2012K, committed 2048K, reserved 1048576K
Event: 165.235 GC heap after
Heap after GC invocations=8 (full 0):
 PSYoungGen      total 66560K, used 7156K [0x00000000ecd80000, 0x00000000f1880000, 0x0000000100000000)
  eden space 59392K, 0% used [0x00000000ecd80000,0x00000000ecd80000,0x00000000f0780000)
  from space 7168K, 99% used [0x00000000f0f80000,0x00000000f167d000,0x00000000f1680000)
  to   space 8192K, 0% used [0x00000000f0780000,0x00000000f0780000,0x00000000f0f80000)
 ParOldGen       total 39936K, used 10604K [0x00000000c6800000, 0x00000000c8f00000, 0x00000000ecd80000)
  object space 39936K, 26% used [0x00000000c6800000,0x00000000c725b1a0,0x00000000c8f00000)
 Metaspace       used 16049K, capacity 16384K, committed 16640K, reserved 1064960K
  class space    used 1883K, capacity 2012K, committed 2048K, reserved 1048576K
}
Event: 202.974 GC heap before
{Heap before GC invocations=9 (full 0):
 PSYoungGen      total 66560K, used 59959K [0x00000000ecd80000, 0x00000000f1880000, 0x0000000100000000)
  eden space 59392K, 88% used [0x00000000ecd80000,0x00000000f0110f28,0x00000000f0780000)
  from space 7168K, 99% used [0x00000000f0f80000,0x00000000f167d000,0x00000000f1680000)
  to   space 8192K, 0% used [0x00000000f0780000,0x00000000f0780000,0x00000000f0f80000)
 ParOldGen       total 39936K, used 10604K [0x00000000c6800000, 0x00000000c8f00000, 0x00000000ecd80000)
  object space 39936K, 26% used [0x00000000c6800000,0x00000000c725b1a0,0x00000000c8f00000)
 Metaspace       used 20719K, capacity 21092K, committed 21296K, reserved 1069056K
  class space    used 2451K, capacity 2604K, committed 2688K, reserved 1048576K

