# JRE version: OpenJDK Runtime Environment (8.0_151-b12) (build 1.8.0_151-8u151-b12-0ubuntu0.16.04.2-b12)
# Java VM: OpenJDK 64-Bit Server VM (25.151-b12 mixed mode linux-amd64 compressed oops)
Heap:
 PSYoungGen      total 178176K, used 9212K [0x00000000ecd80000, 0x00000000f9c00000, 0x0000000100000000)
  eden space 168960K, 0% used [0x00000000ecd80000,0x00000000ecd80000,0x00000000f7280000)
  from space 9216K, 99% used [0x00000000f8a00000,0x00000000f92ff088,0x00000000f9300000)
  to   space 7680K, 0% used [0x00000000f9480000,0x00000000f9480000,0x00000000f9c00000)
 ParOldGen       total 33280K, used 15536K [0x00000000c6800000, 0x00000000c8880000, 0x00000000ecd80000)
  object space 33280K, 46% used [0x00000000c6800000,0x00000000c772c248,0x00000000c8880000)
 Metaspace       used 34940K, capacity 35210K, committed 35416K, reserved 1081344K
  class space    used 4358K, capacity 4467K, committed 4480K, reserved 1048576K
GC Heap History (10 events):
Event: 2.135 GC heap after
Heap after GC invocations=7 (full 0):
 PSYoungGen      total 66048K, used 4593K [0x00000000ecd80000, 0x00000000f5180000, 0x0000000100000000)
  eden space 61440K, 0% used [0x00000000ecd80000,0x00000000ecd80000,0x00000000f0980000)
  from space 4608K, 99% used [0x00000000f0980000,0x00000000f0dfc4a0,0x00000000f0e00000)
  to   space 6144K, 0% used [0x00000000f4b80000,0x00000000f4b80000,0x00000000f5180000)
 ParOldGen       total 39936K, used 8021K [0x00000000c6800000, 0x00000000c8f00000, 0x00000000ecd80000)
  object space 39936K, 20% used [0x00000000c6800000,0x00000000c6fd57a8,0x00000000c8f00000)
 Metaspace       used 15293K, capacity 15458K, committed 15616K, reserved 1062912K
  class space    used 1900K, capacity 1955K, committed 2048K, reserved 1048576K
}
Event: 2.771 GC heap before
{Heap before GC invocations=8 (full 0):
 PSYoungGen      total 66048K, used 66033K [0x00000000ecd80000, 0x00000000f5180000, 0x0000000100000000)
  eden space 61440K, 100% used [0x00000000ecd80000,0x00000000f0980000,0x00000000f0980000)
  from space 4608K, 99% used [0x00000000f0980000,0x00000000f0dfc4a0,0x00000000f0e00000)
  to   space 6144K, 0% used [0x00000000f4b80000,0x00000000f4b80000,0x00000000f5180000)
 ParOldGen       total 39936K, used 8021K [0x00000000c6800000, 0x00000000c8f00000, 0x00000000ecd80000)
  object space 39936K, 20% used [0x00000000c6800000,0x00000000c6fd57a8,0x00000000c8f00000)
 Metaspace       used 17203K, capacity 17350K, committed 17664K, reserved 1064960K
  class space    used 2151K, capacity 2217K, committed 2304K, reserved 1048576K
Event: 2.778 GC heap after
Heap after GC invocations=8 (full 0):
 PSYoungGen      total 128512K, used 5199K [0x00000000ecd80000, 0x00000000f5280000, 0x0000000100000000)
  eden space 122368K, 0% used [0x00000000ecd80000,0x00000000ecd80000,0x00000000f4500000)
  from space 6144K, 84% used [0x00000000f4b80000,0x00000000f5093cf8,0x00000000f5180000)
  to   space 6656K, 0% used [0x00000000f4500000,0x00000000f4500000,0x00000000f4b80000)
 ParOldGen       total 39936K, used 8565K [0x00000000c6800000, 0x00000000c8f00000, 0x00000000ecd80000)
  object space 39936K, 21% used [0x00000000c6800000,0x00000000c705d7a8,0x00000000c8f00000)
 Metaspace       used 17203K, capacity 17350K, committed 17664K, reserved 1064960K
  class space    used 2151K, capacity 2217K, committed 2304K, reserved 1048576K
}
Event: 3.112 GC heap before
{Heap before GC invocations=9 (full 0):
 PSYoungGen      total 128512K, used 24670K [0x00000000ecd80000, 0x00000000f5280000, 0x0000000100000000)
  eden space 122368K, 15% used [0x00000000ecd80000,0x00000000ee083ea0,0x00000000f4500000)
  from space 6144K, 84% used [0x00000000f4b80000,0x00000000f5093cf8,0x00000000f5180000)
  to   space 6656K, 0% used [0x00000000f4500000,0x00000000f4500000,0x00000000f4b80000)
 ParOldGen       total 39936K, used 8565K [0x00000000c6800000, 0x00000000c8f00000, 0x00000000ecd80000)
  object space 39936K, 21% used [0x00000000c6800000,0x00000000c705d7a8,0x00000000c8f00000)
 Metaspace       used 20964K, capacity 21094K, committed 21248K, reserved 1069056K
  class space    used 2443K, capacity 2505K, committed 2560K, reserved 1048576K
Event: 3.127 GC heap after
Heap after GC invocations=9 (full 0):
 PSYoungGen      total 129024K, used 6628K [0x00000000ecd80000, 0x00000000f9c00000, 0x0000000100000000)
  eden space 122368K, 0% used [0x00000000ecd80000,0x00000000ecd80000,0x00000000f4500000)
  from space 6656K, 99% used [0x00000000f4500000,0x00000000f4b792d8,0x00000000f4b80000)
  to   space 7680K, 0% used [0x00000000f9480000,0x00000000f9480000,0x00000000f9c00000)
 ParOldGen       total 39936K, used 9817K [0x00000000c6800000, 0x00000000c8f00000, 0x00000000ecd80000)
  object space 39936K, 24% used [0x00000000c6800000,0x00000000c7196680,0x00000000c8f00000)
 Metaspace       used 20964K, capacity 21094K, committed 21248K, reserved 1069056K
  class space    used 2443K, capacity 2505K, committed 2560K, reserved 1048576K
}
Event: 3.127 GC heap before
{Heap before GC invocations=10 (full 1):
 PSYoungGen      total 129024K, used 6628K [0x00000000ecd80000, 0x00000000f9c00000, 0x0000000100000000)
  eden space 122368K, 0% used [0x00000000ecd80000,0x00000000ecd80000,0x00000000f4500000)
  from space 6656K, 99% used [0x00000000f4500000,0x00000000f4b792d8,0x00000000f4b80000)
  to   space 7680K, 0% used [0x00000000f9480000,0x00000000f9480000,0x00000000f9c00000)
 ParOldGen       total 39936K, used 9817K [0x00000000c6800000, 0x00000000c8f00000, 0x00000000ecd80000)
  object space 39936K, 24% used [0x00000000c6800000,0x00000000c7196680,0x00000000c8f00000)
 Metaspace       used 20964K, capacity 21094K, committed 21248K, reserved 1069056K
  class space    used 2443K, capacity 2505K, committed 2560K, reserved 1048576K
Event: 3.177 GC heap after
Heap after GC invocations=10 (full 1):
 PSYoungGen      total 129024K, used 0K [0x00000000ecd80000, 0x00000000f9c00000, 0x0000000100000000)
  eden space 122368K, 0% used [0x00000000ecd80000,0x00000000ecd80000,0x00000000f4500000)
  from space 6656K, 0% used [0x00000000f4500000,0x00000000f4500000,0x00000000f4b80000)
  to   space 7680K, 0% used [0x00000000f9480000,0x00000000f9480000,0x00000000f9c00000)
 ParOldGen       total 33280K, used 9948K [0x00000000c6800000, 0x00000000c8880000, 0x00000000ecd80000)
  object space 33280K, 29% used [0x00000000c6800000,0x00000000c71b7298,0x00000000c8880000)
 Metaspace       used 20964K, capacity 21094K, committed 21248K, reserved 1069056K
  class space    used 2443K, capacity 2505K, committed 2560K, reserved 1048576K
}
Event: 4.730 GC heap before
{Heap before GC invocations=11 (full 1):
 PSYoungGen      total 129024K, used 122368K [0x00000000ecd80000, 0x00000000f9c00000, 0x0000000100000000)
  eden space 122368K, 100% used [0x00000000ecd80000,0x00000000f4500000,0x00000000f4500000)
  from space 6656K, 0% used [0x00000000f4500000,0x00000000f4500000,0x00000000f4b80000)
  to   space 7680K, 0% used [0x00000000f9480000,0x00000000f9480000,0x00000000f9c00000)
 ParOldGen       total 33280K, used 9948K [0x00000000c6800000, 0x00000000c8880000, 0x00000000ecd80000)
  object space 33280K, 29% used [0x00000000c6800000,0x00000000c71b7298,0x00000000c8880000)
 Metaspace       used 29914K, capacity 30152K, committed 30464K, reserved 1075200K
  class space    used 3730K, capacity 3816K, committed 3840K, reserved 1048576K
Event: 4.761 GC heap after
Heap after GC invocations=11 (full 1):
 PSYoungGen      total 176640K, used 7657K [0x00000000ecd80000, 0x00000000f9c00000, 0x0000000100000000)
  eden space 168960K, 0% used [0x00000000ecd80000,0x00000000ecd80000,0x00000000f7280000)
  from space 7680K, 99% used [0x00000000f9480000,0x00000000f9bfa738,0x00000000f9c00000)
  to   space 9216K, 0% used [0x00000000f8a00000,0x00000000f8a00000,0x00000000f9300000)
 ParOldGen       total 33280K, used 11890K [0x00000000c6800000, 0x00000000c8880000, 0x00000000ecd80000)
  object space 33280K, 35% used [0x00000000c6800000,0x00000000c739c980,0x00000000c8880000)
 Metaspace       used 29914K, capacity 30152K, committed 30464K, reserved 1075200K
  class space    used 3730K, capacity 3816K, committed 3840K, reserved 1048576K
}
Event: 85.916 GC heap before
{Heap before GC invocations=12 (full 1):
 PSYoungGen      total 176640K, used 135410K [0x00000000ecd80000, 0x00000000f9c00000, 0x0000000100000000)
  eden space 168960K, 75% used [0x00000000ecd80000,0x00000000f4a42130,0x00000000f7280000)
  from space 7680K, 99% used [0x00000000f9480000,0x00000000f9bfa738,0x00000000f9c00000)
  to   space 9216K, 0% used [0x00000000f8a00000,0x00000000f8a00000,0x00000000f9300000)
 ParOldGen       total 33280K, used 11890K [0x00000000c6800000, 0x00000000c8880000, 0x00000000ecd80000)
  object space 33280K, 35% used [0x00000000c6800000,0x00000000c739c980,0x00000000c8880000)
 Metaspace       used 34940K, capacity 35210K, committed 35416K, reserved 1081344K
  class space    used 4358K, capacity 4467K, committed 4480K, reserved 1048576K

